producer_class	xtools.gsea.GseaPreranked
producer_timestamp	1711983577407
param	rpt_label	GSEA_parathyroid_analysis
param	rnd_seed	123
param	set_min	15
param	zip_report	false
param	create_svgs	false
param	scoring_scheme	weighted
param	rnk	/home/vant/Documentos/Transcript贸mica/transcriptomic-final-exercise/Apartado2/GSEAparathyroid.rnk
param	norm	meandiv
param	out	/home/vant/Documentos/Transcript贸mica/transcriptomic-final-exercise/Apartado2
param	mode	Abs_max_of_probes
param	include_only_symbols	false
param	help	false
param	set_max	500
param	gmx	/home/vant/Documentos/Transcript贸mica/transcriptomic-final-exercise/Apartado2/input/DPN_response.gmt
param	make_sets	true
param	plot_top_x	20
param	gui	false
param	nperm	1000
param	collapse	No_Collapse

file	/home/vant/Documentos/Transcript贸mica/transcriptomic-final-exercise/Apartado2/GSEA_parathyroid_analysis.GseaPreranked.1711983577407/index.html
